{"C:\\Users\\erik57978306\\OneDrive - SENAC DF\\Área de Trabalho\\Primeiro Teste Unitário com Jest\\sum.js": {"path":"C:\\Users\\erik57978306\\OneDrive - SENAC DF\\Área de Trabalho\\Primeiro Teste Unitário com Jest\\sum.js","statementMap":{"0":{"start":{"line":2,"column":2},"end":{"line":2,"column":15}},"1":{"start":{"line":5,"column":0},"end":{"line":5,"column":21}}},"fnMap":{"0":{"name":"sum","decl":{"start":{"line":1,"column":9},"end":{"line":1,"column":12}},"loc":{"start":{"line":1,"column":19},"end":{"line":3,"column":1}},"line":1}},"branchMap":{},"s":{"0":1,"1":1},"f":{"0":1},"b":{},"_coverageSchema":"1a1c01bbd47fc00a2c39e90264f33305004495a9","hash":"9be6528ed5522b98dc883d9d77513f5974972904"}
}
